<?xml version="1.0" encoding="UTF-8"?>
<testsuite name="com.chikura.ui.BunkerThemeTest" tests="4" skipped="0" failures="0" errors="0" timestamp="2026-09-04T01:02:45" hostname="0468376d-d75a-4ef3-be25-6080d464895a" time="0.01">
  <properties/>
  <testcase name="listScreenBunkerGrouping[desktop]" classname="com.chikura.ui.BunkerThemeTest" time="0.001"/>
  <testcase name="sampleBunkerPreviewBunkerNotEmpty[desktop]" classname="com.chikura.ui.BunkerThemeTest" time="0.0"/>
  <testcase name="resourceCardDataPreservedForListScreen[desktop]" classname="com.chikura.ui.BunkerThemeTest" time="0.0"/>
  <testcase name="themeTokensAreBlackWhite[desktop]" classname="com.chikura.ui.BunkerThemeTest" time="0.009"/>
  <system-out><![CDATA[]]></system-out>
  <system-err><![CDATA[]]></system-err>
</testsuite>
