<?xml version="1.0" encoding="UTF-8"?>
<testsuite name="com.chikura.repo.FileBunkerDataSourceTest" tests="3" skipped="0" failures="0" errors="0" timestamp="2026-09-04T01:02:45" hostname="0468376d-d75a-4ef3-be25-6080d464895a" time="0.092">
  <properties/>
  <testcase name="listBunkersReturnsSampleBunker[desktop]" classname="com.chikura.repo.FileBunkerDataSourceTest" time="0.002"/>
  <testcase name="loadBunkerFromTestResources[desktop]" classname="com.chikura.repo.FileBunkerDataSourceTest" time="0.089"/>
  <testcase name="loadBunkerDirectFilePath[desktop]" classname="com.chikura.repo.FileBunkerDataSourceTest" time="0.001"/>
  <system-out><![CDATA[]]></system-out>
  <system-err><![CDATA[]]></system-err>
</testsuite>
