<?xml version="1.0" encoding="UTF-8"?>
<testsuite name="com.chikura.hydrator.HydratorTest" tests="4" skipped="0" failures="0" errors="0" timestamp="2026-09-04T01:02:44" hostname="0468376d-d75a-4ef3-be25-6080d464895a" time="1.39">
  <properties/>
  <testcase name="hydratesYouTubeViaNoEmbed[desktop]" classname="com.chikura.hydrator.HydratorTest" time="0.491"/>
  <testcase name="hydrateCachesToFileAndReloads[desktop]" classname="com.chikura.hydrator.HydratorTest" time="0.005"/>
  <testcase name="hydrateRealNoembedIntegration[desktop]" classname="com.chikura.hydrator.HydratorTest" time="0.872"/>
  <testcase name="hydratesYouTubeFallbackWhenNoEmbedEmpty[desktop]" classname="com.chikura.hydrator.HydratorTest" time="0.021"/>
  <system-out><![CDATA[]]></system-out>
  <system-err><![CDATA[SLF4J(W): No SLF4J providers were found.
SLF4J(W): Defaulting to no-operation (NOP) logger implementation
SLF4J(W): See https://www.slf4j.org/codes.html#noProviders for further details.
]]></system-err>
</testsuite>
