<?xml version="1.0" encoding="UTF-8"?>
<testsuite name="com.chikura.board.BoardViewModelTest" tests="4" skipped="0" failures="0" errors="0" timestamp="2026-09-04T01:02:43" hostname="0468376d-d75a-4ef3-be25-6080d464895a" time="0.184">
  <properties/>
  <testcase name="preserveIndent[desktop]" classname="com.chikura.board.BoardViewModelTest" time="0.181"/>
  <testcase name="moveResourceInMarkdownDirect[desktop]" classname="com.chikura.board.BoardViewModelTest" time="0.001"/>
  <testcase name="moveResourceSectionChanged[desktop]" classname="com.chikura.board.BoardViewModelTest" time="0.001"/>
  <testcase name="moveToNewSectionCreatesHeader[desktop]" classname="com.chikura.board.BoardViewModelTest" time="0.001"/>
  <system-out><![CDATA[]]></system-out>
  <system-err><![CDATA[]]></system-err>
</testsuite>
